Arguments: 
  /usr/local/bin/node /usr/local/bin/yarn start

PATH: 
  /Library/Frameworks/Python.framework/Versions/3.7/bin:/usr/local/bin:/usr/bin:/bin:/usr/sbin:/sbin

Yarn version: 
  1.12.3

Node version: 
  10.13.0

Platform: 
  darwin x64

Trace: 
  Error: EACCES: permission denied, scandir '/Users/ness/.config/yarn/link'

npm manifest: 
  {
    "name": "empty-project-template",
    "main": "node_modules/expo/AppEntry.js",
    "private": true,
    "scripts": {
      "start": "expo start",
      "android": "expo start --android",
      "ios": "expo start --ios",
      "eject": "expo eject"
    },
    "dependencies": {
      "expo": "^31.0.2",
      "react": "16.5.0",
      "react-native": "https://github.com/expo/react-native/archive/sdk-31.0.0.tar.gz"
    },
    "devDependencies": {
      "babel-preset-expo": "^5.0.0"
    }
  }

yarn manifest: 
  No manifest

Lockfile: 
  No lockfile
